# JRE version: OpenJDK Runtime Environment (8.0_242-b01) (build 1.8.0_242-release-1644-b01)
# Java VM: OpenJDK 64-Bit Server VM (25.242-b01 mixed mode windows-amd64 compressed oops)
Heap:
 PSYoungGen      total 582144K, used 280105K [0x00000000d5580000, 0x00000000fff00000, 0x0000000100000000)
  eden space 470016K, 47% used [0x00000000d5580000,0x00000000e3064710,0x00000000f2080000)
  from space 112128K, 49% used [0x00000000f2080000,0x00000000f5726060,0x00000000f8e00000)
  to   space 109568K, 0% used [0x00000000f9400000,0x00000000f9400000,0x00000000fff00000)
 ParOldGen       total 467456K, used 275873K [0x0000000080000000, 0x000000009c880000, 0x00000000d5580000)
  object space 467456K, 59% used [0x0000000080000000,0x0000000090d68688,0x000000009c880000)
 Metaspace       used 149109K, capacity 158264K, committed 158488K, reserved 1187840K
  class space    used 19176K, capacity 20981K, committed 21040K, reserved 1048576K
GC Heap History (10 events):
Event: 368.738 GC heap before
{Heap before GC invocations=42 (full 5):
 PSYoungGen      total 595968K, used 539938K [0x00000000d5580000, 0x0000000100000000, 0x0000000100000000)
  eden space 521728K, 100% used [0x00000000d5580000,0x00000000f5300000,0x00000000f5300000)
  from space 74240K, 24% used [0x00000000fb780000,0x00000000fc9488b0,0x0000000100000000)
  to   space 88576K, 0% used [0x00000000f5300000,0x00000000f5300000,0x00000000fa980000)
 ParOldGen       total 467456K, used 182351K [0x0000000080000000, 0x000000009c880000, 0x00000000d5580000)
  object space 467456K, 39% used [0x0000000080000000,0x000000008b213f80,0x000000009c880000)
 Metaspace       used 104283K, capacity 109942K, committed 110232K, reserved 1144832K
  class space    used 13383K, capacity 14442K, committed 14512K, reserved 1048576K
Event: 368.827 GC heap after
Heap after GC invocations=42 (full 5):
 PSYoungGen      total 610304K, used 88566K [0x00000000d5580000, 0x0000000100000000, 0x0000000100000000)
  eden space 521728K, 0% used [0x00000000d5580000,0x00000000d5580000,0x00000000f5300000)
  from space 88576K, 99% used [0x00000000f5300000,0x00000000fa97dbe8,0x00000000fa980000)
  to   space 88576K, 0% used [0x00000000fa980000,0x00000000fa980000,0x0000000100000000)
 ParOldGen       total 467456K, used 229913K [0x0000000080000000, 0x000000009c880000, 0x00000000d5580000)
  object space 467456K, 49% used [0x0000000080000000,0x000000008e0867b0,0x000000009c880000)
 Metaspace       used 104283K, capacity 109942K, committed 110232K, reserved 1144832K
  class space    used 13383K, capacity 14442K, committed 14512K, reserved 1048576K
}
Event: 1063.482 GC heap before
{Heap before GC invocations=43 (full 5):
 PSYoungGen      total 610304K, used 610294K [0x00000000d5580000, 0x0000000100000000, 0x0000000100000000)
  eden space 521728K, 100% used [0x00000000d5580000,0x00000000f5300000,0x00000000f5300000)
  from space 88576K, 99% used [0x00000000f5300000,0x00000000fa97dbe8,0x00000000fa980000)
  to   space 88576K, 0% used [0x00000000fa980000,0x00000000fa980000,0x0000000100000000)
 ParOldGen       total 467456K, used 229913K [0x0000000080000000, 0x000000009c880000, 0x00000000d5580000)
  object space 467456K, 49% used [0x0000000080000000,0x000000008e0867b0,0x000000009c880000)
 Metaspace       used 124066K, capacity 130878K, committed 131096K, reserved 1163264K
  class space    used 16155K, capacity 17389K, committed 17456K, reserved 1048576K
Event: 1063.600 GC heap after
Heap after GC invocations=43 (full 5):
 PSYoungGen      total 555008K, used 49201K [0x00000000d5580000, 0x0000000100000000, 0x0000000100000000)
  eden space 466432K, 0% used [0x00000000d5580000,0x00000000d5580000,0x00000000f1d00000)
  from space 88576K, 55% used [0x00000000fa980000,0x00000000fd98c570,0x0000000100000000)
  to   space 116224K, 0% used [0x00000000f1d00000,0x00000000f1d00000,0x00000000f8e80000)
 ParOldGen       total 467456K, used 275849K [0x0000000080000000, 0x000000009c880000, 0x00000000d5580000)
  object space 467456K, 59% used [0x0000000080000000,0x0000000090d62688,0x000000009c880000)
 Metaspace       used 124066K, capacity 130878K, committed 131096K, reserved 1163264K
  class space    used 16155K, capacity 17389K, committed 17456K, reserved 1048576K
}
Event: 1076.813 GC heap before
{Heap before GC invocations=44 (full 5):
 PSYoungGen      total 555008K, used 515633K [0x00000000d5580000, 0x0000000100000000, 0x0000000100000000)
  eden space 466432K, 100% used [0x00000000d5580000,0x00000000f1d00000,0x00000000f1d00000)
  from space 88576K, 55% used [0x00000000fa980000,0x00000000fd98c570,0x0000000100000000)
  to   space 116224K, 0% used [0x00000000f1d00000,0x00000000f1d00000,0x00000000f8e80000)
 ParOldGen       total 467456K, used 275849K [0x0000000080000000, 0x000000009c880000, 0x00000000d5580000)
  object space 467456K, 59% used [0x0000000080000000,0x0000000090d62688,0x000000009c880000)
 Metaspace       used 141585K, capacity 149486K, committed 149656K, reserved 1179648K
  class space    used 18321K, capacity 19869K, committed 19888K, reserved 1048576K
Event: 1076.853 GC heap after
Heap after GC invocations=44 (full 5):
 PSYoungGen      total 582656K, used 52509K [0x00000000d5580000, 0x0000000100000000, 0x0000000100000000)
  eden space 466432K, 0% used [0x00000000d5580000,0x00000000d5580000,0x00000000f1d00000)
  from space 116224K, 45% used [0x00000000f1d00000,0x00000000f5047488,0x00000000f8e80000)
  to   space 112640K, 0% used [0x00000000f9200000,0x00000000f9200000,0x0000000100000000)
 ParOldGen       total 467456K, used 275857K [0x0000000080000000, 0x000000009c880000, 0x00000000d5580000)
  object space 467456K, 59% used [0x0000000080000000,0x0000000090d64688,0x000000009c880000)
 Metaspace       used 141585K, capacity 149486K, committed 149656K, reserved 1179648K
  class space    used 18321K, capacity 19869K, committed 19888K, reserved 1048576K
}
Event: 1254.490 GC heap before
{Heap before GC invocations=45 (full 5):
 PSYoungGen      total 582656K, used 518941K [0x00000000d5580000, 0x0000000100000000, 0x0000000100000000)
  eden space 466432K, 100% used [0x00000000d5580000,0x00000000f1d00000,0x00000000f1d00000)
  from space 116224K, 45% used [0x00000000f1d00000,0x00000000f5047488,0x00000000f8e80000)
  to   space 112640K, 0% used [0x00000000f9200000,0x00000000f9200000,0x0000000100000000)
 ParOldGen       total 467456K, used 275857K [0x0000000080000000, 0x000000009c880000, 0x00000000d5580000)
  object space 467456K, 59% used [0x0000000080000000,0x0000000090d64688,0x000000009c880000)
 Metaspace       used 142847K, capacity 151688K, committed 151704K, reserved 1181696K
  class space    used 18457K, capacity 20137K, committed 20144K, reserved 1048576K
Event: 1254.531 GC heap after
Heap after GC invocations=45 (full 5):
 PSYoungGen      total 578048K, used 61246K [0x00000000d5580000, 0x00000000ffb80000, 0x0000000100000000)
  eden space 470016K, 0% used [0x00000000d5580000,0x00000000d5580000,0x00000000f2080000)
  from space 108032K, 56% used [0x00000000f9200000,0x00000000fcdcf850,0x00000000ffb80000)
  to   space 112128K, 0% used [0x00000000f2080000,0x00000000f2080000,0x00000000f8e00000)
 ParOldGen       total 467456K, used 275865K [0x0000000080000000, 0x000000009c880000, 0x00000000d5580000)
  object space 467456K, 59% used [0x0000000080000000,0x0000000090d66688,0x000000009c880000)
 Metaspace       used 142847K, capacity 151688K, committed 151704K, reserved 1181696K
  class space    used 18457K, capacity 20137K, committed 20144K, reserved 1048576K
}
Event: 2974.790 GC heap before
{Heap before GC invocations=46 (full 5):
 PSYoungGen      total 578048K, used 531262K [0x00000000d5580000, 0x00000000ffb80000, 0x0000000100000000)
  eden space 470016K, 100% used [0x00000000d5580000,0x00000000f2080000,0x00000000f2080000)
  from space 108032K, 56% used [0x00000000f9200000,0x00000000fcdcf850,0x00000000ffb80000)
  to   space 112128K, 0% used [0x00000000f2080000,0x00000000f2080000,0x00000000f8e00000)
 ParOldGen       total 467456K, used 275865K [0x0000000080000000, 0x000000009c880000, 0x00000000d5580000)
  object space 467456K, 59% used [0x0000000080000000,0x0000000090d66688,0x000000009c880000)
 Metaspace       used 143426K, capacity 152384K, committed 152600K, reserved 1181696K
  class space    used 18505K, capacity 20243K, committed 20272K, reserved 1048576K
Event: 2974.850 GC heap after
Heap after GC invocations=46 (full 5):
 PSYoungGen      total 582144K, used 55960K [0x00000000d5580000, 0x00000000fff00000, 0x0000000100000000)
  eden space 470016K, 0% used [0x00000000d5580000,0x00000000d5580000,0x00000000f2080000)
  from space 112128K, 49% used [0x00000000f2080000,0x00000000f5726060,0x00000000f8e00000)
  to   space 109568K, 0% used [0x00000000f9400000,0x00000000f9400000,0x00000000fff00000)
 ParOldGen       total 467456K, used 275873K [0x0000000080000000, 0x000000009c880000, 0x00000000d5580000)
  object space 467456K, 59% used [0x0000000080000000,0x0000000090d68688,0x000000009c880000)
 Metaspace       used 143426K, capacity 152384K, committed 152600K, reserved 1181696K
  class space    used 18505K, capacity 20243K, committed 20272K, reserved 1048576K
}

